[2025-03-25T04:30:15.166Z] Logging to logs/deploy-1742877015163.log
[2025-03-25T04:30:15.168Z] Checking environment variables...
[2025-03-25T04:30:15.168Z] .env.local file found
[2025-03-25T04:30:15.169Z] All required environment variables are set
[2025-03-25T04:30:15.169Z] Running code quality checks...
[2025-03-25T04:30:15.169Z] Running lint checks...
[2025-03-25T04:30:15.170Z] Checking TypeScript types...

> ai-chatbot@0.1.0 lint:fix /Users/tristinesfandiari/Desktop/code/vercel-chatbot/ai-chatbot-vercel
> next lint --fix && biome lint --write --unsafe

[2025-03-25T04:30:17.108Z] TypeScript checks passed successfully
✔ No ESLint warnings or errors
/Users/tristinesfandiari/Desktop/code/vercel-chatbot/ai-chatbot-vercel/.next 2/types/app/(chat)/chat/[id]/page.ts:7:30 lint/complexity/noBannedTypes ━━━━━━━━━━

  × Don't use 'Object' as a type.
  
    5 │ type TEntry = typeof import('../../../../../../app/(chat)/chat/[id]/page.js')
    6 │ 
  > 7 │ type SegmentParams<T extends Object = any> = T extends Record<string, any>
      │                              ^^^^^^
    8 │   ? { [K in keyof T]: T[K] extends string ? string | string[] | undefined : never }
    9 │   : T
  
  i Prefer explicitly define the object shape. This type means "any non-nullable value", which is slightly better than 'unknown', but it's still a broad type.
  

/Users/tristinesfandiari/Desktop/code/vercel-chatbot/ai-chatbot-vercel/.next 2/types/app/(chat)/chat/[id]/page.ts:13:12 lint/complexity/noBannedTypes ━━━━━━━━━━

  × Don't use 'Function' as a type.
  
    11 │ // Check that the entry is a valid entry
    12 │ checkFields<Diff<{
  > 13 │   default: Function
       │            ^^^^^^^^
    14 │   config?: {}
    15 │   generateStaticParams?: Function
  
  i Prefer explicitly define the function shape. This type accepts any function-like value, which can be a common source of bugs.
  

/Users/tristinesfandiari/Desktop/code/vercel-chatbot/ai-chatbot-vercel/.next 2/types/app/(chat)/chat/[id]/page.ts:14:12 lint/complexity/noBannedTypes ━━━━━━━━━━

  × Don't use '{}' as a type.
  
    12 │ checkFields<Diff<{
    13 │   default: Function
  > 14 │   config?: {}
       │            ^^
    15 │   generateStaticParams?: Function
    16 │   revalidate?: RevalidateRange<TEntry> | false
  
  i Prefer explicitly define the object shape. '{}' means "any non-nullable value".
  

/Users/tristinesfandiari/Desktop/code/vercel-chatbot/ai-chatbot-vercel/.next 2/types/app/(chat)/chat/[id]/page.ts:15:26 lint/complexity/noBannedTypes ━━━━━━━━━━

  × Don't use 'Function' as a type.
  
    13 │   default: Function
    14 │   config?: {}
  > 15 │   generateStaticParams?: Function
       │                          ^^^^^^^^
    16 │   revalidate?: RevalidateRange<TEntry> | false
    17 │   dynamic?: 'auto' | 'force-dynamic' | 'error' | 'force-static'
  
  i Prefer explicitly define the function shape. This type accepts any function-like value, which can be a common source of bugs.
  

/Users/tristinesfandiari/Desktop/code/vercel-chatbot/ai-chatbot-vercel/.next 2/types/app/(chat)/chat/[id]/page.ts:25:22 lint/complexity/noBannedTypes ━━━━━━━━━━

  × Don't use 'Function' as a type.
  
    24 │   metadata?: any
  > 25 │   generateMetadata?: Function
       │                      ^^^^^^^^
    26 │   viewport?: any
    27 │   generateViewport?: Function
  
  i Prefer explicitly define the function shape. This type accepts any function-like value, which can be a common source of bugs.
  

/Users/tristinesfandiari/Desktop/code/vercel-chatbot/ai-chatbot-vercel/.next 2/types/app/(chat)/chat/[id]/page.ts:27:22 lint/complexity/noBannedTypes ━━━━━━━━━━

  × Don't use 'Function' as a type.
  
    25 │   generateMetadata?: Function
    26 │   viewport?: any
  > 27 │   generateViewport?: Function
       │                      ^^^^^^^^
    28 │   experimental_ppr?: boolean
    29 │   
  
  i Prefer explicitly define the function shape. This type accepts any function-like value, which can be a common source of bugs.
  

/Users/tristinesfandiari/Desktop/code/vercel-chatbot/ai-chatbot-vercel/.next 2/types/app/(chat)/chat/[id]/page.ts:70:84 lint/complexity/noBannedTypes ━━━━━━━━━━

  × Don't use '{}' as a type.
  
    68 │ // If T is unknown or any, it will be an empty {} type. Otherwise, it will be the same as Omit<T, keyof Base>.
    69 │ type OmitWithTag<T, K extends keyof any, _M> = Omit<T, K>
  > 70 │ type Diff<Base, T extends Base, Message extends string = ''> = 0 extends (1 & T) ? {} : OmitWithTag<T, keyof Base, Message>
       │                                                                                    ^^
    71 │ 
    72 │ type FirstArg<T extends Function> = T extends (...args: [infer T, any]) => any ? unknown extends T ? any : T : never
  
  i Prefer explicitly define the object shape. '{}' means "any non-nullable value".
  

/Users/tristinesfandiari/Desktop/code/vercel-chatbot/ai-chatbot-vercel/.next 2/types/app/(chat)/chat/[id]/page.ts:72:25 lint/complexity/noBannedTypes ━━━━━━━━━━

  × Don't use 'Function' as a type.
  
    70 │ type Diff<Base, T extends Base, Message extends string = ''> = 0 extends (1 & T) ? {} : OmitWithTag<T, keyof Base, Message>
    71 │ 
  > 72 │ type FirstArg<T extends Function> = T extends (...args: [infer T, any]) => any ? unknown extends T ? any : T : never
       │                         ^^^^^^^^
    73 │ type SecondArg<T extends Function> = T extends (...args: [any, infer T]) => any ? unknown extends T ? any : T : never
    74 │ type MaybeField<T, K extends string> = T extends { [k in K]: infer G } ? G extends Function ? G : never : never
  
  i Prefer explicitly define the function shape. This type accepts any function-like value, which can be a common source of bugs.
  

/Users/tristinesfandiari/Desktop/code/vercel-chatbot/ai-chatbot-vercel/.next 2/types/app/(chat)/chat/[id]/page.ts:73:26 lint/complexity/noBannedTypes ━━━━━━━━━━

  × Don't use 'Function' as a type.
  
    72 │ type FirstArg<T extends Function> = T extends (...args: [infer T, any]) => any ? unknown extends T ? any : T : never
  > 73 │ type SecondArg<T extends Function> = T extends (...args: [any, infer T]) => any ? unknown extends T ? any : T : never
       │                          ^^^^^^^^
    74 │ type MaybeField<T, K extends string> = T extends { [k in K]: infer G } ? G extends Function ? G : never : never
    75 │ 
  
  i Prefer explicitly define the function shape. This type accepts any function-like value, which can be a common source of bugs.
  

/Users/tristinesfandiari/Desktop/code/vercel-chatbot/ai-chatbot-vercel/.next 2/types/app/(chat)/chat/[id]/page.ts:74:84 lint/complexity/noBannedTypes ━━━━━━━━━━

  × Don't use 'Function' as a type.
  
    72 │ type FirstArg<T extends Function> = T extends (...args: [infer T, any]) => any ? unknown extends T ? any : T : never
    73 │ type SecondArg<T extends Function> = T extends (...args: [any, infer T]) => any ? unknown extends T ? any : T : never
  > 74 │ type MaybeField<T, K extends string> = T extends { [k in K]: infer G } ? G extends Function ? G : never : never
       │                                                                                    ^^^^^^^^
    75 │ 
  
  i Prefer explicitly define the function shape. This type accepts any function-like value, which can be a common source of bugs.
  

/Users/tristinesfandiari/Desktop/code/vercel-chatbot/ai-chatbot-vercel/.next 2/types/app/(auth)/login/page.ts:7:30 lint/complexity/noBannedTypes ━━━━━━━━━━

  × Don't use 'Object' as a type.
  
    5 │ type TEntry = typeof import('../../../../../app/(auth)/login/page.js')
    6 │ 
  > 7 │ type SegmentParams<T extends Object = any> = T extends Record<string, any>
      │                              ^^^^^^
    8 │   ? { [K in keyof T]: T[K] extends string ? string | string[] | undefined : never }
    9 │   : T
  
  i Prefer explicitly define the object shape. This type means "any non-nullable value", which is slightly better than 'unknown', but it's still a broad type.
  

/Users/tristinesfandiari/Desktop/code/vercel-chatbot/ai-chatbot-vercel/.next 2/types/app/(auth)/login/page.ts:13:12 lint/complexity/noBannedTypes ━━━━━━━━━━

  × Don't use 'Function' as a type.
  
    11 │ // Check that the entry is a valid entry
    12 │ checkFields<Diff<{
  > 13 │   default: Function
       │            ^^^^^^^^
    14 │   config?: {}
    15 │   generateStaticParams?: Function
  
  i Prefer explicitly define the function shape. This type accepts any function-like value, which can be a common source of bugs.
  

/Users/tristinesfandiari/Desktop/code/vercel-chatbot/ai-chatbot-vercel/.next 2/types/app/(auth)/login/page.ts:14:12 lint/complexity/noBannedTypes ━━━━━━━━━━

  × Don't use '{}' as a type.
  
    12 │ checkFields<Diff<{
    13 │   default: Function
  > 14 │   config?: {}
       │            ^^
    15 │   generateStaticParams?: Function
    16 │   revalidate?: RevalidateRange<TEntry> | false
  
  i Prefer explicitly define the object shape. '{}' means "any non-nullable value".
  

/Users/tristinesfandiari/Desktop/code/vercel-chatbot/ai-chatbot-vercel/.next 2/types/app/(auth)/login/page.ts:15:26 lint/complexity/noBannedTypes ━━━━━━━━━━

  × Don't use 'Function' as a type.
  
    13 │   default: Function
    14 │   config?: {}
  > 15 │   generateStaticParams?: Function
       │                          ^^^^^^^^
    16 │   revalidate?: RevalidateRange<TEntry> | false
    17 │   dynamic?: 'auto' | 'force-dynamic' | 'error' | 'force-static'
  
  i Prefer explicitly define the function shape. This type accepts any function-like value, which can be a common source of bugs.
  

/Users/tristinesfandiari/Desktop/code/vercel-chatbot/ai-chatbot-vercel/.next 2/types/app/(auth)/login/page.ts:25:22 lint/complexity/noBannedTypes ━━━━━━━━━━

  × Don't use 'Function' as a type.
  
    24 │   metadata?: any
  > 25 │   generateMetadata?: Function
       │                      ^^^^^^^^
    26 │   viewport?: any
    27 │   generateViewport?: Function
  
  i Prefer explicitly define the function shape. This type accepts any function-like value, which can be a common source of bugs.
  

/Users/tristinesfandiari/Desktop/code/vercel-chatbot/ai-chatbot-vercel/.next 2/types/app/(auth)/login/page.ts:27:22 lint/complexity/noBannedTypes ━━━━━━━━━━

  × Don't use 'Function' as a type.
  
    25 │   generateMetadata?: Function
    26 │   viewport?: any
  > 27 │   generateViewport?: Function
       │                      ^^^^^^^^
    28 │   experimental_ppr?: boolean
    29 │   
  
  i Prefer explicitly define the function shape. This type accepts any function-like value, which can be a common source of bugs.
  

/Users/tristinesfandiari/Desktop/code/vercel-chatbot/ai-chatbot-vercel/.next 2/types/app/(auth)/login/page.ts:70:84 lint/complexity/noBannedTypes ━━━━━━━━━━

  × Don't use '{}' as a type.
  
    68 │ // If T is unknown or any, it will be an empty {} type. Otherwise, it will be the same as Omit<T, keyof Base>.
    69 │ type OmitWithTag<T, K extends keyof any, _M> = Omit<T, K>
  > 70 │ type Diff<Base, T extends Base, Message extends string = ''> = 0 extends (1 & T) ? {} : OmitWithTag<T, keyof Base, Message>
       │                                                                                    ^^
    71 │ 
    72 │ type FirstArg<T extends Function> = T extends (...args: [infer T, any]) => any ? unknown extends T ? any : T : never
  
  i Prefer explicitly define the object shape. '{}' means "any non-nullable value".
  

/Users/tristinesfandiari/Desktop/code/vercel-chatbot/ai-chatbot-vercel/.next 2/types/app/(auth)/login/page.ts:72:25 lint/complexity/noBannedTypes ━━━━━━━━━━

  × Don't use 'Function' as a type.
  
    70 │ type Diff<Base, T extends Base, Message extends string = ''> = 0 extends (1 & T) ? {} : OmitWithTag<T, keyof Base, Message>
    71 │ 
  > 72 │ type FirstArg<T extends Function> = T extends (...args: [infer T, any]) => any ? unknown extends T ? any : T : never
       │                         ^^^^^^^^
    73 │ type SecondArg<T extends Function> = T extends (...args: [any, infer T]) => any ? unknown extends T ? any : T : never
    74 │ type MaybeField<T, K extends string> = T extends { [k in K]: infer G } ? G extends Function ? G : never : never
  
  i Prefer explicitly define the function shape. This type accepts any function-like value, which can be a common source of bugs.
  

/Users/tristinesfandiari/Desktop/code/vercel-chatbot/ai-chatbot-vercel/.next 2/types/app/(auth)/login/page.ts:73:26 lint/complexity/noBannedTypes ━━━━━━━━━━

  × Don't use 'Function' as a type.
  
    72 │ type FirstArg<T extends Function> = T extends (...args: [infer T, any]) => any ? unknown extends T ? any : T : never
  > 73 │ type SecondArg<T extends Function> = T extends (...args: [any, infer T]) => any ? unknown extends T ? any : T : never
       │                          ^^^^^^^^
    74 │ type MaybeField<T, K extends string> = T extends { [k in K]: infer G } ? G extends Function ? G : never : never
    75 │ 
  
  i Prefer explicitly define the function shape. This type accepts any function-like value, which can be a common source of bugs.
  

/Users/tristinesfandiari/Desktop/code/vercel-chatbot/ai-chatbot-vercel/.next 2/types/app/(auth)/login/page.ts:74:84 lint/complexity/noBannedTypes ━━━━━━━━━━

  × Don't use 'Function' as a type.
  
    72 │ type FirstArg<T extends Function> = T extends (...args: [infer T, any]) => any ? unknown extends T ? any : T : never
    73 │ type SecondArg<T extends Function> = T extends (...args: [any, infer T]) => any ? unknown extends T ? any : T : never
  > 74 │ type MaybeField<T, K extends string> = T extends { [k in K]: infer G } ? G extends Function ? G : never : never
       │                                                                                    ^^^^^^^^
    75 │ 
  
  i Prefer explicitly define the function shape. This type accepts any function-like value, which can be a common source of bugs.
  

The number of diagnostics exceeds the number allowed by Biome.
Diagnostics not shown: 128.
Checked 196 files in 41ms. No fixes applied.
Found 148 errors.
lint ━━━━━━━━━━━━━━━━━━━━━━━━━━━━━━━━━━━━━━━━━━━━━━━━━━━━━━━━━━━━━━━━━━━━━━━━━━━━━━━━━━━━━━━━━━━━━━━

  × Some errors were emitted while running checks.
  

 ELIFECYCLE  Command failed with exit code 1.
[33m[2025-03-25T04:30:17.435Z] WARNING: Lint checks failed with code 1, but continuing in development mode[39m
[2025-03-25T04:30:17.435Z] Setting up databases...
[2025-03-25T04:30:17.435Z] Skipping Next.js build (--skip-build flag provided or in dev mode)
[2025-03-25T04:30:17.435Z] Starting applications in development mode...
[2025-03-25T04:30:17.435Z] Starting Next.js in development mode on port 3000...
[2025-03-25T04:30:17.436Z] Starting Storybook on port 6006...
[2025-03-25T04:30:17.436Z] All services started successfully!
[2025-03-25T04:30:17.436Z] 
    🚀 Services running:
      - Next.js: http://localhost:3000
      - Storybook: http://localhost:6006
      
      
    
[1G[0Juniwise> [10G[Storybook] 
> ai-chatbot@0.1.0 storybook /Users/tristinesfandiari/Desktop/code/vercel-chatbot/ai-chatbot-vercel
> storybook dev -p 6006 "--" "-p" "6006"

[Next.js] 
> ai-chatbot@0.1.0 dev /Users/tristinesfandiari/Desktop/code/vercel-chatbot/ai-chatbot-vercel
> next dev --turbo "--" "-p" "3000"

[Next.js] Invalid project directory provided, no such directory: /Users/tristinesfandiari/Desktop/code/vercel-chatbot/ai-chatbot-vercel/-p
[Next.js]  ELIFECYCLE  Command failed with exit code 1.
[31m[2025-03-25T04:30:18.182Z] ERROR: Next.js dev server exited with code 1[39m
[Storybook] @storybook/core v8.6.9

[Storybook] [33mThe CJS build of Vite's Node API is deprecated. See https://vite.dev/guide/troubleshooting.html#vite-cjs-node-api-deprecated for more details.[39m
[Storybook] WARN[Storybook]  Could not resolve addon "@storybook/addon-links", skipping. Is it installed?
[Storybook] WARN Could not resolve addon "@storybook/addon-interactions", skipping. Is it installed?
[Storybook] WARN[Storybook]  Could not resolve addon "@storybook/addon-links", skipping. Is it installed?
[Storybook] WARN[Storybook]  Could not resolve addon "@storybook/addon-interactions", skipping. Is it installed?
[Storybook] info => Serving static files from ././public at /
[Storybook] info => Starting manager..
[Storybook] WARN No story files found for the specified pattern: app/**/*.stories.@(js|jsx|mjs|ts|tsx)
[Storybook] info => Starting preview..
[Storybook] info Using tsconfig paths for react-docgen
[Storybook] 9:30:20 PM [vite] (client) Re-optimizing dependencies because vite config has changed
[Storybook] ╭──────────────────────────────────────────────────────────╮
│                                                          │
│   [38;2;162;224;94mStorybook 8.6.9 for experimental-nextjs-vite started[39m   │
│   180 ms for manager and 779 ms for preview              │
│                                                          │
│    Local:            http://localhost:6006/              │
│    On your network:  http://192.168.1.214:6006/          │
│                                                          │
╰──────────────────────────────────────────────────────────╯
[Storybook] WARN 🚨 Unable to index ./components/ui/shadcn-intro.stories.mdx:
WARN[Storybook]    Error: Invariant failed: No matching indexer found for /Users/tristinesfandiari/Desktop/code/vercel-chatbot/ai-chatbot-vercel/components/ui/shadcn-intro.stories.mdx
WARN     at invariant (/Users/tristinesfandiari/Desktop/code/vercel-chatbot/ai-chatbot-vercel/node_modules/.pnpm/@storybook+core@8.6.9_bufferutil@4.0.9_storybook@8.6.9_bufferutil@4.0.9_/node_modules/@storybook/core/dist/core-server/index.cjs:34568:11)
WARN     at ki.extractStories (/Users/tristinesfandiari/Desktop/code/vercel-chatbot/ai-chatbot-vercel/node_modules/.pnpm/@storybook+core@8.6.9_bufferutil@4.0.9_storybook@8.6.9_bufferutil@4.0.9_/node_modules/@storybook/core/dist/core-server/index.cjs:34768:5)
WARN     at /Users/tristinesfandiari/Desktop/code/vercel-chatbot/ai-chatbot-vercel/node_modules/.pnpm/@storybook+core@8.6.9_bufferutil@4.0.9_storybook@8.6.9_bufferutil@4.0.9_/node_modules/@storybook/core/dist/core-server/index.cjs:34713:53
WARN     at /Users/tristinesfandiari/Desktop/code/vercel-chatbot/ai-chatbot-vercel/node_modules/.pnpm/@storybook+core@8.6.9_bufferutil@4.0.9_storybook@8.6.9_bufferutil@4.0.9_/node_modules/@storybook/core/dist/core-server/index.cjs:34689:30
WARN     at Array.map (<anonymous>)
WARN     at /Users/tristinesfandiari/Desktop/code/vercel-chatbot/ai-chatbot-vercel/node_modules/.pnpm/@storybook+core@8.6.9_bufferutil@4.0.9_storybook@8.6.9_bufferutil@4.0.9_/node_modules/@storybook/core/dist/core-server/index.cjs:34686:26
WARN     at Array.map (<anonymous>)
WARN     at ki.updateExtracted (/Users/tristinesfandiari/Desktop/code/vercel-chatbot/ai-chatbot-vercel/node_modules/.pnpm/@storybook+core@8.6.9_bufferutil@4.0.9_storybook@8.6.9_bufferutil@4.0.9_/node_modules/@storybook/core/dist/core-server/index.cjs:34678:23)
WARN     at ki.ensureExtracted (/Users/tristinesfandiari/Desktop/code/vercel-chatbot/ai-chatbot-vercel/node_modules/.pnpm/@storybook+core@8.6.9_bufferutil@4.0.9_storybook@8.6.9_bufferutil@4.0.9_/node_modules/@storybook/core/dist/core-server/index.cjs:34712:16)
WARN     at ki.initialize (/Users/tristinesfandiari/Desktop/code/vercel-chatbot/ai-chatbot-vercel/node_modules/.pnpm/@storybook+core@8.6.9_bufferutil@4.0.9_storybook@8.6.9_bufferutil@4.0.9_/node_modules/@storybook/core/dist/core-server/index.cjs:34673:16)
[Storybook] WARN Could not resolve addon "@storybook/addon-links", skipping. Is it installed?
[Storybook] WARN Could not resolve addon "@storybook/addon-interactions", skipping. Is it installed?
[Storybook] [?25l[2K[1G[36m?[39m [1mWould you like to help improve Storybook by sending anonymous crash reports?[22m [90m›[39m [90m(Y/n)[39m[Storybook] 9:30:21 PM [vite] (client) ✨ new dependencies optimized: sonner, next-auth/react
[Storybook] 9:30:21 PM [vite] (client) ✨ optimized dependencies changed. reloading
[Storybook] WARN Could not resolve addon "@storybook/addon-links", skipping. Is it installed?
[Storybook] WARN[Storybook]  Could not resolve addon "@storybook/addon-interactions", skipping. Is it installed?
[1G[0Juniwise> [10G[Storybook] WARN Could not resolve addon "@storybook/addon-links", skipping. Is it installed?
[Storybook] WARN Could not resolve addon "@storybook/addon-interactions", skipping. Is it installed?
[Storybook] WARN Could not resolve addon "@storybook/addon-links", skipping. Is it installed?
[Storybook] WARN Could not resolve addon "@storybook/addon-interactions", skipping. Is it installed?
[Storybook] WARN 🚨 Unable to index ./components/ui/shadcn-intro.stories.mdx:
WARN   Error: Invariant failed: No matching indexer found for /Users/tristinesfandiari/Desktop/code/vercel-chatbot/ai-chatbot-vercel/components/ui/shadcn-intro.stories.mdx
WARN     at invariant (/Users/tristinesfandiari/Desktop/code/vercel-chatbot/ai-chatbot-vercel/node_modules/.pnpm/@storybook+core@8.6.9_bufferutil@4.0.9_storybook@8.6.9_bufferutil@4.0.9_/node_modules/@storybook/core/dist/core-server/index.cjs:34568:11)
[Storybook] WARN     at ki.extractStories (/Users/tristinesfandiari/Desktop/code/vercel-chatbot/ai-chatbot-vercel/node_modules/.pnpm/@storybook+core@8.6.9_bufferutil@4.0.9_storybook@8.6.9_bufferutil@4.0.9_/node_modules/@storybook/core/dist/core-server/index.cjs:34768:5)
WARN     at /Users/tristinesfandiari/Desktop/code/vercel-chatbot/ai-chatbot-vercel/node_modules/.pnpm/@storybook+core@8.6.9_bufferutil@4.0.9_storybook@8.6.9_bufferutil@4.0.9_/node_modules/@storybook/core/dist/core-server/index.cjs:34713:53
WARN     at /Users/tristinesfandiari/Desktop/code/vercel-chatbot/ai-chatbot-vercel/node_modules/.pnpm/@storybook+core@8.6.9_bufferutil@4.0.9_storybook@8.6.9_bufferutil@4.0.9_/node_modules/@storybook/core/dist/core-server/index.cjs:34689:30
WARN     at Array.map (<anonymous>)
WARN     at /Users/tristinesfandiari/Desktop/code/vercel-chatbot/ai-chatbot-vercel/node_modules/.pnpm/@storybook+core@8.6.9_bufferutil@4.0.9_storybook@8.6.9_bufferutil@4.0.9_/node_modules/@storybook/core/dist/core-server/index.cjs:34686:26
WARN     at Array.map (<anonymous>)
WARN     at ki.updateExtracted (/Users/tristinesfandiari/Desktop/code/vercel-chatbot/ai-chatbot-vercel/node_modules/.pnpm/@storybook+core@8.6.9_bufferutil@4.0.9_storybook@8.6.9_bufferutil@4.0.9_/node_modules/@storybook/core/dist/core-server/index.cjs:34678:23)
WARN     at ki.ensureExtracted (/Users/tristinesfandiari/Desktop/code/vercel-chatbot/ai-chatbot-vercel/node_modules/.pnpm/@storybook+core@8.6.9_bufferutil@4.0.9_storybook@8.6.9_bufferutil@4.0.9_/node_modules/@storybook/core/dist/core-server/index.cjs:34712:16)
WARN     at ki.getIndexAndStats (/Users/tristinesfandiari/Desktop/code/vercel-chatbot/ai-chatbot-vercel/node_modules/.pnpm/@storybook+core@8.6.9_bufferutil@4.0.9_storybook@8.6.9_bufferutil@4.0.9_/node_modules/@storybook/core/dist/core-server/index.cjs:34936:108)
WARN     at async ki.getIndex (/Users/tristinesfandiari/Desktop/code/vercel-chatbot/ai-chatbot-vercel/node_modules/.pnpm/@storybook+core@8.6.9_bufferutil@4.0.9_storybook@8.6.9_bufferutil@4.0.9_/node_modules/@storybook/core/dist/core-server/index.cjs:34929:13)
WARN     at async Array.<anonymous> (/Users/tristinesfandiari/Desktop/code/vercel-chatbot/ai-chatbot-vercel/node_modules/.pnpm/@storybook+core@8.6.9_bufferutil@4.0.9_storybook@8.6.9_bufferutil@4.0.9_/node_modules/@storybook/core/dist/core-server/index.cjs:35358:15)
[Storybook] WARN Could not resolve addon "@storybook/addon-links", skipping. Is it installed?
[Storybook] WARN[Storybook]  Could not resolve addon "@storybook/addon-interactions", skipping. Is it installed?
[Storybook] info Found existing addon "@storybook/addon-docs", skipping.
[Storybook] WARN Could not resolve addon "@storybook/addon-links", skipping. Is it installed?
[Storybook] WARN[Storybook]  Could not resolve addon "@storybook/addon-interactions", skipping. Is it installed?
[Storybook] info[Storybook]  Found existing addon "@storybook/addon-docs", skipping.
[Storybook] WARN 🚨 Unable to index ./components/ui/shadcn-intro.stories.mdx:
WARN   Error: Invariant failed: No matching indexer found for /Users/tristinesfandiari/Desktop/code/vercel-chatbot/ai-chatbot-vercel/components/ui/shadcn-intro.stories.mdx
WARN     at invariant (/Users/tristinesfandiari/Desktop/code/vercel-chatbot/ai-chatbot-vercel/node_modules/.pnpm/@storybook+core@8.6.9_bufferutil@4.0.9_storybook@8.6.9_bufferutil@4.0.9_/node_modules/@storybook/core/dist/core-server/index.cjs:34568:11)
WARN     at ki.extractStories (/Users/tristinesfandiari/Desktop/code/vercel-chatbot/ai-chatbot-vercel/node_modules/.pnpm/@storybook+core@8.6.9_bufferutil@4.0.9_storybook@8.6.9_bufferutil@4.0.9_/node_modules/@storybook/core/dist/core-server/index.cjs:34768:5)
WARN     at /Users/tristinesfandiari/Desktop/code/vercel-chatbot/ai-chatbot-vercel/node_modules/.pnpm/@storybook+core@8.6.9_bufferutil@4.0.9_storybook@8.6.9_bufferutil@4.0.9_/node_modules/@storybook/core/dist/core-server/index.cjs:34713:53
WARN     at /Users/tristinesfandiari/Desktop/code/vercel-chatbot/ai-chatbot-vercel/node_modules/.pnpm/@storybook+core@8.6.9_bufferutil@4.0.9_storybook@8.6.9_bufferutil@4.0.9_/node_modules/@storybook/core/dist/core-server/index.cjs:34689:30
WARN     at Array.map (<anonymous>)
WARN     at /Users/tristinesfandiari/Desktop/code/vercel-chatbot/ai-chatbot-vercel/node_modules/.pnpm/@storybook+core@8.6.9_bufferutil@4.0.9_storybook@8.6.9_bufferutil@4.0.9_/node_modules/@storybook/core/dist/core-server/index.cjs:34686:26
WARN     at Array.map (<anonymous>)
WARN     at ki.updateExtracted (/Users/tristinesfandiari/Desktop/code/vercel-chatbot/ai-chatbot-vercel/node_modules/.pnpm/@storybook+core@8.6.9_bufferutil@4.0.9_storybook@8.6.9_bufferutil@4.0.9_/node_modules/@storybook/core/dist/core-server/index.cjs:34678:23)
WARN     at ki.ensureExtracted (/Users/tristinesfandiari/Desktop/code/vercel-chatbot/ai-chatbot-vercel/node_modules/.pnpm/@storybook+core@8.6.9_bufferutil@4.0.9_storybook@8.6.9_bufferutil@4.0.9_/node_modules/@storybook/core/dist/core-server/index.cjs:34712:16)
WARN     at ki.getIndexAndStats (/Users/tristinesfandiari/Desktop/code/vercel-chatbot/ai-chatbot-vercel/node_modules/.pnpm/@storybook+core@8.6.9_bufferutil@4.0.9_storybook@8.6.9_bufferutil@4.0.9_/node_modules/@storybook/core/dist/core-server/index.cjs:34936:108)
WARN     at async ki.getIndex (/Users/tristinesfandiari/Desktop/code/vercel-chatbot/ai-chatbot-vercel/node_modules/.pnpm/@storybook+core@8.6.9_bufferutil@4.0.9_storybook@8.6.9_bufferutil@4.0.9_/node_modules/@storybook/core/dist/core-server/index.cjs:34929:13)
WARN     at async Array.<anonymous> (/Users/tristinesfandiari/Desktop/code/vercel-chatbot/ai-chatbot-vercel/node_modules/.pnpm/@storybook+core@8.6.9_bufferutil@4.0.9_storybook@8.6.9_bufferutil@4.0.9_/node_modules/@storybook/core/dist/core-server/index.cjs:35358:15)
[Storybook] WARN Could not resolve addon "@storybook/addon-links", skipping. Is it installed?
[Storybook] WARN Could not resolve addon "@storybook/addon-interactions", skipping. Is it installed?
[Storybook] info Found existing addon "@storybook/addon-docs", skipping.
[Storybook] 9:33:22 PM [vite] (client) page reload .storybook/preview.tsx
[Storybook] 9:33:23 PM [vite] (client) ✨ new dependencies optimized: @storybook/theming
[Storybook] 9:33:23 PM [vite] (client) ✨ optimized dependencies changed. reloading
[Storybook] WARN Could not resolve addon "@storybook/addon-links", skipping. Is it installed?
[Storybook] WARN Could not resolve addon "@storybook/addon-interactions", skipping. Is it installed?
[Storybook] info[Storybook]  Found existing addon "@storybook/addon-docs", skipping.
[Storybook] WARN Could not resolve addon "@storybook/addon-links", skipping. Is it installed?
[Storybook] WARN Could not resolve addon "@storybook/addon-interactions", skipping. Is it installed?
[Storybook] info Found existing addon "@storybook/addon-docs", skipping.
[Storybook] 9:33:28 PM [vite] (client) page reload .storybook/preview.tsx
[Storybook] WARN[Storybook]  🚨 Unable to index ./components/ui/shadcn-intro.stories.mdx:
WARN   Error: Invariant failed: No matching indexer found for /Users/tristinesfandiari/Desktop/code/vercel-chatbot/ai-chatbot-vercel/components/ui/shadcn-intro.stories.mdx
WARN     at invariant (/Users/tristinesfandiari/Desktop/code/vercel-chatbot/ai-chatbot-vercel/node_modules/.pnpm/@storybook+core@8.6.9_bufferutil@4.0.9_storybook@8.6.9_bufferutil@4.0.9_/node_modules/@storybook/core/dist/core-server/index.cjs:34568:11)
WARN     at ki.extractStories (/Users/tristinesfandiari/Desktop/code/vercel-chatbot/ai-chatbot-vercel/node_modules/.pnpm/@storybook+core@8.6.9_bufferutil@4.0.9_storybook@8.6.9_bufferutil@4.0.9_/node_modules/@storybook/core/dist/core-server/index.cjs:34768:5)
WARN     at /Users/tristinesfandiari/Desktop/code/vercel-chatbot/ai-chatbot-vercel/node_modules/.pnpm/@storybook+core@8.6.9_bufferutil@4.0.9_storybook@8.6.9_bufferutil@4.0.9_/node_modules/@storybook/core/dist/core-server/index.cjs:34713:53
WARN     at /Users/tristinesfandiari/Desktop/code/vercel-chatbot/ai-chatbot-vercel/node_modules/.pnpm/@storybook+core@8.6.9_bufferutil@4.0.9_storybook@8.6.9_bufferutil@4.0.9_/node_modules/@storybook/core/dist/core-server/index.cjs:34689:30
WARN     at Array.map (<anonymous>)
WARN     at /Users/tristinesfandiari/Desktop/code/vercel-chatbot/ai-chatbot-vercel/node_modules/.pnpm/@storybook+core@8.6.9_bufferutil@4.0.9_storybook@8.6.9_bufferutil@4.0.9_/node_modules/@storybook/core/dist/core-server/index.cjs:34686:26
WARN     at Array.map (<anonymous>)
WARN     at ki.updateExtracted (/Users/tristinesfandiari/Desktop/code/vercel-chatbot/ai-chatbot-vercel/node_modules/.pnpm/@storybook+core@8.6.9_bufferutil@4.0.9_storybook@8.6.9_bufferutil@4.0.9_/node_modules/@storybook/core/dist/core-server/index.cjs:34678:23)
WARN     at ki.ensureExtracted (/Users/tristinesfandiari/Desktop/code/vercel-chatbot/ai-chatbot-vercel/node_modules/.pnpm/@storybook+core@8.6.9_bufferutil@4.0.9_storybook@8.6.9_bufferutil@4.0.9_/node_modules/@storybook/core/dist/core-server/index.cjs:34712:16)
WARN     at ki.getIndexAndStats (/Users/tristinesfandiari/Desktop/code/vercel-chatbot/ai-chatbot-vercel/node_modules/.pnpm/@storybook+core@8.6.9_bufferutil@4.0.9_storybook@8.6.9_bufferutil@4.0.9_/node_modules/@storybook/core/dist/core-server/index.cjs:34936:108)
WARN     at async ki.getIndex (/Users/tristinesfandiari/Desktop/code/vercel-chatbot/ai-chatbot-vercel/node_modules/.pnpm/@storybook+core@8.6.9_bufferutil@4.0.9_storybook@8.6.9_bufferutil@4.0.9_/node_modules/@storybook/core/dist/core-server/index.cjs:34929:13)
WARN     at async Array.<anonymous> (/Users/tristinesfandiari/Desktop/code/vercel-chatbot/ai-chatbot-vercel/node_modules/.pnpm/@storybook+core@8.6.9_bufferutil@4.0.9_storybook@8.6.9_bufferutil@4.0.9_/node_modules/@storybook/core/dist/core-server/index.cjs:35358:15)
[Storybook] WARN Could not resolve addon "@storybook/addon-links", skipping. Is it installed?
[Storybook] WARN[Storybook]  Could not resolve addon "@storybook/addon-interactions", skipping. Is it installed?
[Storybook] info Found existing addon "@storybook/addon-docs", skipping.
[Storybook] 9:33:34 PM [vite] (client) page reload .storybook/preview.tsx
[Storybook] WARN 🚨 Unable to index ./components/ui/shadcn-intro.stories.mdx:
WARN   Error: Invariant failed: No matching indexer found for /Users/tristinesfandiari/Desktop/code/vercel-chatbot/ai-chatbot-vercel/components/ui/shadcn-intro.stories.mdx
WARN     at invariant (/Users/tristinesfandiari/Desktop/code/vercel-chatbot/ai-chatbot-vercel/node_modules/.pnpm/@storybook+core@8.6.9_bufferutil@4.0.9_storybook@8.6.9_bufferutil@4.0.9_/node_modules/@storybook/core/dist/core-server/index.cjs:34568:11)
[Storybook] WARN     at ki.extractStories (/Users/tristinesfandiari/Desktop/code/vercel-chatbot/ai-chatbot-vercel/node_modules/.pnpm/@storybook+core@8.6.9_bufferutil@4.0.9_storybook@8.6.9_bufferutil@4.0.9_/node_modules/@storybook/core/dist/core-server/index.cjs:34768:5)
WARN     at /Users/tristinesfandiari/Desktop/code/vercel-chatbot/ai-chatbot-vercel/node_modules/.pnpm/@storybook+core@8.6.9_bufferutil@4.0.9_storybook@8.6.9_bufferutil@4.0.9_/node_modules/@storybook/core/dist/core-server/index.cjs:34713:53
WARN     at /Users/tristinesfandiari/Desktop/code/vercel-chatbot/ai-chatbot-vercel/node_modules/.pnpm/@storybook+core@8.6.9_bufferutil@4.0.9_storybook@8.6.9_bufferutil@4.0.9_/node_modules/@storybook/core/dist/core-server/index.cjs:34689:30
WARN     at Array.map (<anonymous>)
WARN     at /Users/tristinesfandiari/Desktop/code/vercel-chatbot/ai-chatbot-vercel/node_modules/.pnpm/@storybook+core@8.6.9_bufferutil@4.0.9_storybook@8.6.9_bufferutil@4.0.9_/node_modules/@storybook/core/dist/core-server/index.cjs:34686:26
WARN     at Array.map (<anonymous>)
WARN     at ki.updateExtracted (/Users/tristinesfandiari/Desktop/code/vercel-chatbot/ai-chatbot-vercel/node_modules/.pnpm/@storybook+core@8.6.9_bufferutil@4.0.9_storybook@8.6.9_bufferutil@4.0.9_/node_modules/@storybook/core/dist/core-server/index.cjs:34678:23)
WARN     at ki.ensureExtracted (/Users/tristinesfandiari/Desktop/code/vercel-chatbot/ai-chatbot-vercel/node_modules/.pnpm/@storybook+core@8.6.9_bufferutil@4.0.9_storybook@8.6.9_bufferutil@4.0.9_/node_modules/@storybook/core/dist/core-server/index.cjs:34712:16)
WARN     at ki.getIndexAndStats (/Users/tristinesfandiari/Desktop/code/vercel-chatbot/ai-chatbot-vercel/node_modules/.pnpm/@storybook+core@8.6.9_bufferutil@4.0.9_storybook@8.6.9_bufferutil@4.0.9_/node_modules/@storybook/core/dist/core-server/index.cjs:34936:108)
WARN     at async ki.getIndex (/Users/tristinesfandiari/Desktop/code/vercel-chatbot/ai-chatbot-vercel/node_modules/.pnpm/@storybook+core@8.6.9_bufferutil@4.0.9_storybook@8.6.9_bufferutil@4.0.9_/node_modules/@storybook/core/dist/core-server/index.cjs:34929:13)
WARN     at async Array.<anonymous> (/Users/tristinesfandiari/Desktop/code/vercel-chatbot/ai-chatbot-vercel/node_modules/.pnpm/@storybook+core@8.6.9_bufferutil@4.0.9_storybook@8.6.9_bufferutil@4.0.9_/node_modules/@storybook/core/dist/core-server/index.cjs:35358:15)
[Storybook] WARN Could not resolve addon "@storybook/addon-links", skipping. Is it installed?
[Storybook] WARN Could not resolve addon "@storybook/addon-interactions", skipping. Is it installed?
[Storybook] info[Storybook]  Found existing addon "@storybook/addon-docs", skipping.
[Storybook] WARN 🚨 Unable to index ./components/ui/shadcn-intro.stories.mdx:
[Storybook] WARN   Error: Invariant failed: No matching indexer found for /Users/tristinesfandiari/Desktop/code/vercel-chatbot/ai-chatbot-vercel/components/ui/shadcn-intro.stories.mdx
WARN     at invariant (/Users/tristinesfandiari/Desktop/code/vercel-chatbot/ai-chatbot-vercel/node_modules/.pnpm/@storybook+core@8.6.9_bufferutil@4.0.9_storybook@8.6.9_bufferutil@4.0.9_/node_modules/@storybook/core/dist/core-server/index.cjs:34568:11)
WARN     at ki.extractStories (/Users/tristinesfandiari/Desktop/code/vercel-chatbot/ai-chatbot-vercel/node_modules/.pnpm/@storybook+core@8.6.9_bufferutil@4.0.9_storybook@8.6.9_bufferutil@4.0.9_/node_modules/@storybook/core/dist/core-server/index.cjs:34768:5)
WARN     at /Users/tristinesfandiari/Desktop/code/vercel-chatbot/ai-chatbot-vercel/node_modules/.pnpm/@storybook+core@8.6.9_bufferutil@4.0.9_storybook@8.6.9_bufferutil@4.0.9_/node_modules/@storybook/core/dist/core-server/index.cjs:34713:53
WARN     at /Users/tristinesfandiari/Desktop/code/vercel-chatbot/ai-chatbot-vercel/node_modules/.pnpm/@storybook+core@8.6.9_bufferutil@4.0.9_storybook@8.6.9_bufferutil@4.0.9_/node_modules/@storybook/core/dist/core-server/index.cjs:34689:30
WARN     at Array.map (<anonymous>)
WARN     at /Users/tristinesfandiari/Desktop/code/vercel-chatbot/ai-chatbot-vercel/node_modules/.pnpm/@storybook+core@8.6.9_bufferutil@4.0.9_storybook@8.6.9_bufferutil@4.0.9_/node_modules/@storybook/core/dist/core-server/index.cjs:34686:26
WARN     at Array.map (<anonymous>)
WARN     at ki.updateExtracted (/Users/tristinesfandiari/Desktop/code/vercel-chatbot/ai-chatbot-vercel/node_modules/.pnpm/@storybook+core@8.6.9_bufferutil@4.0.9_storybook@8.6.9_bufferutil@4.0.9_/node_modules/@storybook/core/dist/core-server/index.cjs:34678:23)
WARN     at ki.ensureExtracted (/Users/tristinesfandiari/Desktop/code/vercel-chatbot/ai-chatbot-vercel/node_modules/.pnpm/@storybook+core@8.6.9_bufferutil@4.0.9_storybook@8.6.9_bufferutil@4.0.9_/node_modules/@storybook/core/dist/core-server/index.cjs:34712:16)
WARN     at ki.getIndexAndStats (/Users/tristinesfandiari/Desktop/code/vercel-chatbot/ai-chatbot-vercel/node_modules/.pnpm/@storybook+core@8.6.9_bufferutil@4.0.9_storybook@8.6.9_bufferutil@4.0.9_/node_modules/@storybook/core/dist/core-server/index.cjs:34936:108)
WARN     at async ki.getIndex (/Users/tristinesfandiari/Desktop/code/vercel-chatbot/ai-chatbot-vercel/node_modules/.pnpm/@storybook+core@8.6.9_bufferutil@4.0.9_storybook@8.6.9_bufferutil@4.0.9_/node_modules/@storybook/core/dist/core-server/index.cjs:34929:13)
WARN     at async Array.<anonymous> (/Users/tristinesfandiari/Desktop/code/vercel-chatbot/ai-chatbot-vercel/node_modules/.pnpm/@storybook+core@8.6.9_bufferutil@4.0.9_storybook@8.6.9_bufferutil@4.0.9_/node_modules/@storybook/core/dist/core-server/index.cjs:35358:15)
[Storybook] 9:33:35 PM [vite] (client) page reload .storybook/preview.tsx
[Storybook] WARN Could not resolve addon "@storybook/addon-links", skipping. Is it installed?
[Storybook] WARN Could not resolve addon "@storybook/addon-interactions", skipping. Is it installed?
[Storybook] info Found existing addon "@storybook/addon-docs", skipping.
[Storybook] WARN Could not resolve addon "@storybook/addon-links", skipping. Is it installed?
[Storybook] WARN Could not resolve addon "@storybook/addon-interactions", skipping. Is it installed?
[Storybook] info Found existing addon "@storybook/addon-docs", skipping.
[Storybook] WARN Could not resolve addon "@storybook/addon-links", skipping. Is it installed?
[Storybook] WARN[Storybook]  Could not resolve addon "@storybook/addon-interactions", skipping. Is it installed?
[Storybook] info Found existing addon "@storybook/addon-docs", skipping.
[Storybook] 9:33:49 PM [vite] (client) page reload .storybook/preview.tsx
[Storybook] WARN 🚨 Unable to index ./components/ui/shadcn-intro.stories.mdx:
WARN   Error: Invariant failed: No matching indexer found for /Users/tristinesfandiari/Desktop/code/vercel-chatbot/ai-chatbot-vercel/components/ui/shadcn-intro.stories.mdx
WARN     at invariant (/Users/tristinesfandiari/Desktop/code/vercel-chatbot/ai-chatbot-vercel/node_modules/.pnpm/@storybook+core@8.6.9_bufferutil@4.0.9_storybook@8.6.9_bufferutil@4.0.9_/node_modules/@storybook/core/dist/core-server/index.cjs:34568:11)
WARN     at ki.extractStories (/Users/tristinesfandiari/Desktop/code/vercel-chatbot/ai-chatbot-vercel/node_modules/.pnpm/@storybook+core@8.6.9_bufferutil@4.0.9_storybook@8.6.9_bufferutil@4.0.9_/node_modules/@storybook/core/dist/core-server/index.cjs:34768:5)
WARN[Storybook]      at /Users/tristinesfandiari/Desktop/code/vercel-chatbot/ai-chatbot-vercel/node_modules/.pnpm/@storybook+core@8.6.9_bufferutil@4.0.9_storybook@8.6.9_bufferutil@4.0.9_/node_modules/@storybook/core/dist/core-server/index.cjs:34713:53
WARN     at /Users/tristinesfandiari/Desktop/code/vercel-chatbot/ai-chatbot-vercel/node_modules/.pnpm/@storybook+core@8.6.9_bufferutil@4.0.9_storybook@8.6.9_bufferutil@4.0.9_/node_modules/@storybook/core/dist/core-server/index.cjs:34689:30
WARN     at Array.map (<anonymous>)
WARN     at /Users/tristinesfandiari/Desktop/code/vercel-chatbot/ai-chatbot-vercel/node_modules/.pnpm/@storybook+core@8.6.9_bufferutil@4.0.9_storybook@8.6.9_bufferutil@4.0.9_/node_modules/@storybook/core/dist/core-server/index.cjs:34686:26
WARN     at Array.map (<anonymous>)
WARN     at ki.updateExtracted (/Users/tristinesfandiari/Desktop/code/vercel-chatbot/ai-chatbot-vercel/node_modules/.pnpm/@storybook+core@8.6.9_bufferutil@4.0.9_storybook@8.6.9_bufferutil@4.0.9_/node_modules/@storybook/core/dist/core-server/index.cjs:34678:23)
WARN     at ki.ensureExtracted (/Users/tristinesfandiari/Desktop/code/vercel-chatbot/ai-chatbot-vercel/node_modules/.pnpm/@storybook+core@8.6.9_bufferutil@4.0.9_storybook@8.6.9_bufferutil@4.0.9_/node_modules/@storybook/core/dist/core-server/index.cjs:34712:16)
WARN     at ki.getIndexAndStats (/Users/tristinesfandiari/Desktop/code/vercel-chatbot/ai-chatbot-vercel/node_modules/.pnpm/@storybook+core@8.6.9_bufferutil@4.0.9_storybook@8.6.9_bufferutil@4.0.9_/node_modules/@storybook/core/dist/core-server/index.cjs:34936:108)
WARN     at async ki.getIndex (/Users/tristinesfandiari/Desktop/code/vercel-chatbot/ai-chatbot-vercel/node_modules/.pnpm/@storybook+core@8.6.9_bufferutil@4.0.9_storybook@8.6.9_bufferutil@4.0.9_/node_modules/@storybook/core/dist/core-server/index.cjs:34929:13)
WARN     at async Array.<anonymous> (/Users/tristinesfandiari/Desktop/code/vercel-chatbot/ai-chatbot-vercel/node_modules/.pnpm/@storybook+core@8.6.9_bufferutil@4.0.9_storybook@8.6.9_bufferutil@4.0.9_/node_modules/@storybook/core/dist/core-server/index.cjs:35358:15)
[Storybook] WARN Could not resolve addon "@storybook/addon-links", skipping. Is it installed?
[Storybook] WARN Could not resolve addon "@storybook/addon-interactions", skipping. Is it installed?
[Storybook] info Found existing addon "@storybook/addon-docs", skipping.
[Storybook] WARN Could not resolve addon "@storybook/addon-links", skipping. Is it installed?
[Storybook] WARN Could not resolve addon "@storybook/addon-interactions", skipping. Is it installed?
[Storybook] info Found existing addon "@storybook/addon-docs", skipping.
[Storybook] WARN Could not resolve addon "@storybook/addon-links", skipping. Is it installed?
[Storybook] WARN Could not resolve addon "@storybook/addon-interactions", skipping. Is it installed?
[Storybook] info Found existing addon "@storybook/addon-docs", skipping.
[Storybook] 9:35:40 PM [vite] (client) hmr update /@id/__x00__virtual:/@storybook/builder-vite/vite-app.js
[Storybook] WARN Could not resolve addon "@storybook/addon-links", skipping. Is it installed?
[Storybook] WARN Could not resolve addon "@storybook/addon-interactions", skipping. Is it installed?
[Storybook] info Found existing addon "@storybook/addon-docs", skipping.
[Storybook] WARN Could not resolve addon "@storybook/addon-links", skipping. Is it installed?
[Storybook] WARN Could not resolve addon "@storybook/addon-interactions", skipping. Is it installed?
[Storybook] info Found existing addon "@storybook/addon-docs", skipping.
[Storybook] 9:35:41 PM [vite] (client) ✨ new dependencies optimized: sb-original/default-loader, sb-original/image-context
[Storybook] 9:35:41 PM [vite] (client) ✨ optimized dependencies changed. reloading
[Storybook] The file does not exist at "/Users/tristinesfandiari/Desktop/code/vercel-chatbot/ai-chatbot-vercel/node_modules/.cache/storybook/1c3385a5d25e538d10b518b310c74d3ca2690b6aaffeadccd74da79736171f86/sb-vite/deps/DocsRenderer-CFRXHY34-GPIUXNS2.js?v=f3564c67" which is in the optimize deps directory. The dependency might be incompatible with the dep optimizer. Try adding it to `optimizeDeps.exclude`.
[Storybook] 9:36:13 PM [vite] (client) page reload .storybook/preview-head.html
[Storybook] 9:36:13 PM [vite] (client) page reload .storybook/preview-head.html
[Storybook] 9:36:15 PM [vite] (client) page reload .storybook/preview-head.html
[Storybook] 9:36:16 PM [vite] (client) page reload .storybook/preview-head.html
